<?xml version="1.0" encoding="UTF-8"?>
<!-- Generated by org.testng.reporters.JUnitReportReporter -->
<testsuite hostname="MLBTAL-110657" failures="0" tests="2" name="SelFrameworkDesign.Tests.MenuPageTest" time="16.288" errors="0" timestamp="2025-01-20T10:20:06 IST" skipped="0">
  <testcase classname="SelFrameworkDesign.Tests.MenuPageTest" name="SinleMenuTest" time="7.729"/>
  <system-out/>
  <testcase classname="SelFrameworkDesign.Tests.MenuPageTest" name="subMenuTest" time="8.559"/>
  <system-out/>
</testsuite> <!-- SelFrameworkDesign.Tests.MenuPageTest -->
