<?xml version="1.0" encoding="UTF-8"?>
<!-- Generated by org.testng.reporters.JUnitReportReporter -->
<testsuite hostname="MLBTAL-110657" failures="0" tests="1" name="SelFrameworkDesign.Tests.loginPageT" time="9.978" errors="0" timestamp="2025-01-20T10:20:06 IST" skipped="0">
  <testcase classname="SelFrameworkDesign.Tests.loginPageT" name="loginTest" time="9.978"/>
  <system-out/>
</testsuite> <!-- SelFrameworkDesign.Tests.loginPageT -->
