<?xml version="1.0" encoding="UTF-8"?>
<!-- Generated by org.testng.reporters.JUnitReportReporter -->
<testsuite hostname="MLBTAL-110657" failures="0" tests="1" name="SelFrameworkDesign.Tests.CollapsePageTest" time="10.982" errors="0" timestamp="2025-01-19T14:54:25 IST" skipped="0">
  <testcase classname="SelFrameworkDesign.Tests.CollapsePageTest" name="singleCollapseTest" time="10.982"/>
  <system-out/>
</testsuite> <!-- SelFrameworkDesign.Tests.CollapsePageTest -->
