<?xml version="1.0" encoding="UTF-8"?>
<!-- Generated by org.testng.reporters.JUnitReportReporter -->
<testsuite hostname="MLBTAL-110657" failures="0" tests="1" name="SelFrameworkDesign.Tests.HeadlessTest" time="16.464" errors="0" timestamp="2025-02-07T14:30:06 IST" skipped="0">
  <testcase classname="SelFrameworkDesign.Tests.HeadlessTest" name="headlessTestSetup" time="16.464"/>
  <system-out/>
</testsuite> <!-- SelFrameworkDesign.Tests.HeadlessTest -->
