<?xml version="1.0" encoding="UTF-8"?>
<!-- Generated by org.testng.reporters.JUnitReportReporter -->
<testsuite hostname="MLBTAL-110657" failures="0" tests="1" name="cucumber.TestNGRunner" time="9.903" errors="0" timestamp="2025-01-05T13:02:44 IST" skipped="0">
  <testcase classname="cucumber.TestNGRunner" name="runScenario" time="9.903"/>
  <system-out/>
</testsuite> <!-- cucumber.TestNGRunner -->
