<?xml version="1.0" encoding="UTF-8"?>
<!-- Generated by org.testng.reporters.JUnitReportReporter -->
<testsuite hostname="MLBTAL-110657" failures="0" tests="1" name="SelFrameworkDesign.WebElements.collapsePageWE" time="15.370" errors="0" timestamp="2024-12-13T17:36:25 IST" skipped="0">
  <testcase classname="SelFrameworkDesign.WebElements.collapsePageWE" name="getMoreList" time="15.370"/>
  <system-out/>
</testsuite> <!-- SelFrameworkDesign.WebElements.collapsePageWE -->
