<?xml version="1.0" encoding="UTF-8"?>
<!-- Generated by org.testng.reporters.JUnitReportReporter -->
<testsuite hostname="RYU" failures="0" tests="1" name="SelFrameworkDesign.Tests.actionsTest" time="51.653" errors="0" timestamp="2025-03-02T17:40:06 IST" skipped="0">
  <testcase classname="SelFrameworkDesign.Tests.actionsTest" name="actionTest" time="51.653"/>
  <system-out/>
</testsuite> <!-- SelFrameworkDesign.Tests.actionsTest -->
